app/build/outputs/logs/manifest-merger-free-debug-report.txt
-- Merging decision tree log ---
manifest
ADDED from src/main/AndroidManifest.xml:2:1-208:12
	package
		ADDED from src/main/AndroidManifest.xml:3:5-36
		INJECTED from src/main/AndroidManifest.xml
		INJECTED from src/main/AndroidManifest.xml
	android:versionName
		ADDED from src/main/AndroidManifest.xml:5:5-30
		INJECTED from src/main/AndroidManifest.xml
		INJECTED from src/main/AndroidManifest.xml
	android:versionCode
		ADDED from src/main/AndroidManifest.xml:4:5-28
		INJECTED from src/main/AndroidManifest.xml
		INJECTED from src/main/AndroidManifest.xml
	xmlns:android
		ADDED from src/main/AndroidManifest.xml:2:11-69
uses-sdk
ADDED from src/main/AndroidManifest.xml:7:5-44
	android:targetSdkVersion
		INJECTED from src/main/AndroidManifest.xml
		INJECTED from src/main/AndroidManifest.xml
	android:minSdkVersion
		ADDED from src/main/AndroidManifest.xml:7:15-41
		INJECTED from src/main/AndroidManifest.xml
		INJECTED from src/main/AndroidManifest.xml
uses-permission#android.permission.INTERNET
ADDED from src/main/AndroidManifest.xml:9:5-67
	android:name
		ADDED from src/main/AndroidManifest.xml:9:22-64
uses-permission#android.permission.ACCESS_NETWORK_STATE
ADDED from src/main/AndroidManifest.xml:10:5-79
	android:name
		ADDED from src/main/AndroidManifest.xml:10:22-76
uses-permission#android.permission.ACCESS_WIFI_STATE
ADDED from src/main/AndroidManifest.xml:11:5-76
	android:name
		ADDED from src/main/AndroidManifest.xml:11:22-73
uses-permission#android.permission.ACCESS_COARSE_LOCATION
ADDED from src/main/AndroidManifest.xml:12:5-81
	android:name
		ADDED from src/main/AndroidManifest.xml:12:22-78
uses-permission#android.permission.READ_PHONE_STATE
ADDED from src/main/AndroidManifest.xml:13:5-75
	android:name
		ADDED from src/main/AndroidManifest.xml:13:22-72
uses-permission#android.permission.WRITE_EXTERNAL_STORAGE
ADDED from src/main/AndroidManifest.xml:14:5-81
	android:name
		ADDED from src/main/AndroidManifest.xml:14:22-78
uses-permission#android.permission.ACCESS_FINE_LOCATION
ADDED from src/main/AndroidManifest.xml:15:5-79
	android:name
		ADDED from src/main/AndroidManifest.xml:15:22-76
uses-permission#android.permission.BLUETOOTH
ADDED from src/main/AndroidManifest.xml:16:5-68
	android:name
		ADDED from src/main/AndroidManifest.xml:16:22-65
uses-permission#android.permission.BLUETOOTH_ADMIN
ADDED from src/main/AndroidManifest.xml:17:5-74
	android:name
		ADDED from src/main/AndroidManifest.xml:17:22-71
uses-permission#android.permission.WRITE_SETTINGS
ADDED from src/main/AndroidManifest.xml:18:5-73
	android:name
		ADDED from src/main/AndroidManifest.xml:18:22-70
uses-feature#android.hardware.bluetooth
ADDED from src/main/AndroidManifest.xml:20:5-22:35
	android:required
		ADDED from src/main/AndroidManifest.xml:22:9-32
	android:name
		ADDED from src/main/AndroidManifest.xml:21:9-50
application
ADDED from src/main/AndroidManifest.xml:24:5-206:19
	android:label
		ADDED from src/main/AndroidManifest.xml:28:9-41
	android:allowBackup
		ADDED from src/main/AndroidManifest.xml:26:9-35
	android:icon
		ADDED from src/main/AndroidManifest.xml:27:9-46
	android:theme
		ADDED from src/main/AndroidManifest.xml:29:9-40
	android:name
		ADDED from src/main/AndroidManifest.xml:25:9-38
activity#com.bfsi.egalite.main.Splash
ADDED from src/main/AndroidManifest.xml:30:9-40:20
	android:screenOrientation
		ADDED from src/main/AndroidManifest.xml:33:13-49
	android:label
		ADDED from src/main/AndroidManifest.xml:32:13-45
	android:theme
		ADDED from src/main/AndroidManifest.xml:34:13-71
	android:name
		ADDED from src/main/AndroidManifest.xml:31:13-56
intent-filter#android.intent.action.MAIN+android.intent.category.LAUNCHER
ADDED from src/main/AndroidManifest.xml:35:13-39:29
action#android.intent.action.MAIN
ADDED from src/main/AndroidManifest.xml:36:17-69
	android:name
		ADDED from src/main/AndroidManifest.xml:36:25-66
category#android.intent.category.LAUNCHER
ADDED from src/main/AndroidManifest.xml:38:17-77
	android:name
		ADDED from src/main/AndroidManifest.xml:38:27-74
activity#com.bfsi.egalite.view.LoginView
ADDED from src/main/AndroidManifest.xml:41:9-45:20
	android:screenOrientation
		ADDED from src/main/AndroidManifest.xml:43:13-49
	android:windowSoftInputMode
		ADDED from src/main/AndroidManifest.xml:44:13-64
	android:name
		ADDED from src/main/AndroidManifest.xml:42:13-59
activity#com.bfsi.egalite.view.setting.SettingView
ADDED from src/main/AndroidManifest.xml:46:9-50:20
	android:screenOrientation
		ADDED from src/main/AndroidManifest.xml:48:13-49
	android:windowSoftInputMode
		ADDED from src/main/AndroidManifest.xml:49:13-64
	android:name
		ADDED from src/main/AndroidManifest.xml:47:13-69
activity#com.bfsi.egalite.view.setting.AboutView
ADDED from src/main/AndroidManifest.xml:51:9-55:20
	android:screenOrientation
		ADDED from src/main/AndroidManifest.xml:53:13-49
	android:windowSoftInputMode
		ADDED from src/main/AndroidManifest.xml:54:13-64
	android:name
		ADDED from src/main/AndroidManifest.xml:52:13-67
activity#com.bfsi.egalite.view.cash.CashView
ADDED from src/main/AndroidManifest.xml:56:9-60:20
	android:screenOrientation
		ADDED from src/main/AndroidManifest.xml:58:13-49
	android:windowSoftInputMode
		ADDED from src/main/AndroidManifest.xml:59:13-70
	android:name
		ADDED from src/main/AndroidManifest.xml:57:13-63
activity#com.bfsi.egalite.view.setting.SetCashPositionView
ADDED from src/main/AndroidManifest.xml:61:9-65:20
	android:screenOrientation
		ADDED from src/main/AndroidManifest.xml:63:13-49
	android:windowSoftInputMode
		ADDED from src/main/AndroidManifest.xml:64:13-64
	android:name
		ADDED from src/main/AndroidManifest.xml:62:13-77
activity#com.bfsi.egalite.view.setting.SyncViewL
ADDED from src/main/AndroidManifest.xml:66:9-70:20
	android:screenOrientation
		ADDED from src/main/AndroidManifest.xml:68:13-49
	android:windowSoftInputMode
		ADDED from src/main/AndroidManifest.xml:69:13-64
	android:name
		ADDED from src/main/AndroidManifest.xml:67:13-67
activity#com.bfsi.egalite.view.LoanDsbView
ADDED from src/main/AndroidManifest.xml:71:9-76:20
	android:screenOrientation
		ADDED from src/main/AndroidManifest.xml:73:13-49
	android:windowSoftInputMode
		ADDED from src/main/AndroidManifest.xml:75:13-67
	android:theme
		ADDED from src/main/AndroidManifest.xml:74:13-52
	android:name
		ADDED from src/main/AndroidManifest.xml:72:13-61
activity#com.bfsi.egalite.view.LoanPrepayView
ADDED from src/main/AndroidManifest.xml:77:9-82:20
	android:screenOrientation
		ADDED from src/main/AndroidManifest.xml:79:13-49
	android:windowSoftInputMode
		ADDED from src/main/AndroidManifest.xml:81:13-67
	android:theme
		ADDED from src/main/AndroidManifest.xml:80:13-52
	android:name
		ADDED from src/main/AndroidManifest.xml:78:13-64
activity#com.bfsi.egalite.view.LoanRepayView
ADDED from src/main/AndroidManifest.xml:83:9-88:20
	android:screenOrientation
		ADDED from src/main/AndroidManifest.xml:85:13-49
	android:windowSoftInputMode
		ADDED from src/main/AndroidManifest.xml:87:13-67
	android:theme
		ADDED from src/main/AndroidManifest.xml:86:13-52
	android:name
		ADDED from src/main/AndroidManifest.xml:84:13-63
activity#com.bfsi.egalite.view.DashboardView
ADDED from src/main/AndroidManifest.xml:89:9-93:20
	android:screenOrientation
		ADDED from src/main/AndroidManifest.xml:91:13-49
	android:windowSoftInputMode
		ADDED from src/main/AndroidManifest.xml:92:13-67
	android:name
		ADDED from src/main/AndroidManifest.xml:90:13-63
activity#com.bfsi.egalite.view.EnrolView
ADDED from src/main/AndroidManifest.xml:94:9-99:20
	android:screenOrientation
		ADDED from src/main/AndroidManifest.xml:96:13-49
	android:windowSoftInputMode
		ADDED from src/main/AndroidManifest.xml:98:13-67
	android:theme
		ADDED from src/main/AndroidManifest.xml:97:13-52
	android:name
		ADDED from src/main/AndroidManifest.xml:95:13-59
activity#com.bfsi.egalite.view.DpCollectionView
ADDED from src/main/AndroidManifest.xml:100:9-105:20
	android:screenOrientation
		ADDED from src/main/AndroidManifest.xml:102:13-49
	android:windowSoftInputMode
		ADDED from src/main/AndroidManifest.xml:104:13-67
	android:theme
		ADDED from src/main/AndroidManifest.xml:103:13-52
	android:name
		ADDED from src/main/AndroidManifest.xml:101:13-66
activity#com.bfsi.egalite.view.DpPaymentView
ADDED from src/main/AndroidManifest.xml:106:9-111:20
	android:screenOrientation
		ADDED from src/main/AndroidManifest.xml:108:13-49
	android:windowSoftInputMode
		ADDED from src/main/AndroidManifest.xml:110:13-67
	android:theme
		ADDED from src/main/AndroidManifest.xml:109:13-52
	android:name
		ADDED from src/main/AndroidManifest.xml:107:13-63
activity#com.bfsi.egalite.view.customers.CustomerTabView
ADDED from src/main/AndroidManifest.xml:112:9-117:20
	android:screenOrientation
		ADDED from src/main/AndroidManifest.xml:114:13-49
	android:windowSoftInputMode
		ADDED from src/main/AndroidManifest.xml:116:13-67
	android:theme
		ADDED from src/main/AndroidManifest.xml:115:13-52
	android:name
		ADDED from src/main/AndroidManifest.xml:113:13-75
activity#com.bfsi.egalite.view.HomeView
ADDED from src/main/AndroidManifest.xml:118:9-123:20
	android:screenOrientation
		ADDED from src/main/AndroidManifest.xml:120:13-49
	android:windowSoftInputMode
		ADDED from src/main/AndroidManifest.xml:122:13-67
	android:theme
		ADDED from src/main/AndroidManifest.xml:121:13-52
	android:name
		ADDED from src/main/AndroidManifest.xml:119:13-58
activity#com.bfsi.egalite.view.HistoryView
ADDED from src/main/AndroidManifest.xml:124:9-129:20
	android:screenOrientation
		ADDED from src/main/AndroidManifest.xml:126:13-49
	android:windowSoftInputMode
		ADDED from src/main/AndroidManifest.xml:128:13-67
	android:theme
		ADDED from src/main/AndroidManifest.xml:127:13-52
	android:name
		ADDED from src/main/AndroidManifest.xml:125:13-61
activity#com.bfsi.egalite.view.customers.CustomersAll
ADDED from src/main/AndroidManifest.xml:130:9-135:20
	android:screenOrientation
		ADDED from src/main/AndroidManifest.xml:132:13-49
	android:windowSoftInputMode
		ADDED from src/main/AndroidManifest.xml:134:13-67
	android:theme
		ADDED from src/main/AndroidManifest.xml:133:13-52
	android:name
		ADDED from src/main/AndroidManifest.xml:131:13-72
activity#com.bfsi.egalite.view.customers.CustomerView
ADDED from src/main/AndroidManifest.xml:136:9-141:20
	android:screenOrientation
		ADDED from src/main/AndroidManifest.xml:138:13-49
	android:windowSoftInputMode
		ADDED from src/main/AndroidManifest.xml:140:13-67
	android:theme
		ADDED from src/main/AndroidManifest.xml:139:13-52
	android:name
		ADDED from src/main/AndroidManifest.xml:137:13-72
activity#com.bfsi.egalite.view.customers.CustomerQuery
ADDED from src/main/AndroidManifest.xml:142:9-147:20
	android:screenOrientation
		ADDED from src/main/AndroidManifest.xml:144:13-49
	android:windowSoftInputMode
		ADDED from src/main/AndroidManifest.xml:146:13-67
	android:theme
		ADDED from src/main/AndroidManifest.xml:145:13-52
	android:name
		ADDED from src/main/AndroidManifest.xml:143:13-73
activity#com.bfsi.egalite.view.customers.CustPrepayEntry
ADDED from src/main/AndroidManifest.xml:148:9-153:20
	android:screenOrientation
		ADDED from src/main/AndroidManifest.xml:150:13-49
	android:windowSoftInputMode
		ADDED from src/main/AndroidManifest.xml:152:13-67
	android:theme
		ADDED from src/main/AndroidManifest.xml:151:13-52
	android:name
		ADDED from src/main/AndroidManifest.xml:149:13-75
activity#com.bfsi.egalite.view.customers.CustLoanPrepayEntry
ADDED from src/main/AndroidManifest.xml:154:9-159:20
	android:screenOrientation
		ADDED from src/main/AndroidManifest.xml:156:13-49
	android:windowSoftInputMode
		ADDED from src/main/AndroidManifest.xml:158:13-67
	android:theme
		ADDED from src/main/AndroidManifest.xml:157:13-52
	android:name
		ADDED from src/main/AndroidManifest.xml:155:13-79
activity#com.bfsi.egalite.view.customers.CustRedemEntry
ADDED from src/main/AndroidManifest.xml:160:9-165:20
	android:screenOrientation
		ADDED from src/main/AndroidManifest.xml:162:13-49
	android:windowSoftInputMode
		ADDED from src/main/AndroidManifest.xml:164:13-67
	android:theme
		ADDED from src/main/AndroidManifest.xml:163:13-52
	android:name
		ADDED from src/main/AndroidManifest.xml:161:13-74
activity#com.bfsi.egalite.view.customers.CustRequestEntry
ADDED from src/main/AndroidManifest.xml:166:9-171:20
	android:screenOrientation
		ADDED from src/main/AndroidManifest.xml:168:13-49
	android:windowSoftInputMode
		ADDED from src/main/AndroidManifest.xml:170:13-67
	android:theme
		ADDED from src/main/AndroidManifest.xml:169:13-52
	android:name
		ADDED from src/main/AndroidManifest.xml:167:13-76
activity#com.bfsi.egalite.view.cash.CashWithDrawalEntry
ADDED from src/main/AndroidManifest.xml:172:9-177:20
	android:screenOrientation
		ADDED from src/main/AndroidManifest.xml:174:13-49
	android:windowSoftInputMode
		ADDED from src/main/AndroidManifest.xml:176:13-67
	android:theme
		ADDED from src/main/AndroidManifest.xml:175:13-52
	android:name
		ADDED from src/main/AndroidManifest.xml:173:13-74
activity#com.bfsi.egalite.view.CustAgendaView
ADDED from src/main/AndroidManifest.xml:178:9-183:20
	android:screenOrientation
		ADDED from src/main/AndroidManifest.xml:180:13-49
	android:windowSoftInputMode
		ADDED from src/main/AndroidManifest.xml:182:13-67
	android:theme
		ADDED from src/main/AndroidManifest.xml:181:13-52
	android:name
		ADDED from src/main/AndroidManifest.xml:179:13-64
activity#com.bfsi.egalite.util.PopUpActivity
ADDED from src/main/AndroidManifest.xml:184:9-189:20
	android:screenOrientation
		ADDED from src/main/AndroidManifest.xml:186:13-49
	android:windowSoftInputMode
		ADDED from src/main/AndroidManifest.xml:188:13-67
	android:theme
		ADDED from src/main/AndroidManifest.xml:187:13-56
	android:name
		ADDED from src/main/AndroidManifest.xml:185:13-63
activity#com.bfsi.egalite.util.CashPopUp
ADDED from src/main/AndroidManifest.xml:190:9-195:20
	android:screenOrientation
		ADDED from src/main/AndroidManifest.xml:192:13-49
	android:windowSoftInputMode
		ADDED from src/main/AndroidManifest.xml:194:13-67
	android:theme
		ADDED from src/main/AndroidManifest.xml:193:13-56
	android:name
		ADDED from src/main/AndroidManifest.xml:191:13-59
activity#com.bfsi.egalite.view.KycOnlyView
ADDED from src/main/AndroidManifest.xml:196:9-201:20
	android:screenOrientation
		ADDED from src/main/AndroidManifest.xml:198:13-49
	android:windowSoftInputMode
		ADDED from src/main/AndroidManifest.xml:200:13-67
	android:theme
		ADDED from src/main/AndroidManifest.xml:199:13-52
	android:name
		ADDED from src/main/AndroidManifest.xml:197:13-61
receiver#com.bfsi.egalite.receiver.MfiReceiver
ADDED from src/main/AndroidManifest.xml:204:9-205:20
	android:name
		ADDED from src/main/AndroidManifest.xml:204:19-71